Content-Type: text/plain; charset="utf-8"
MIME-Version: 1.0
Content-Transfer-Encoding: 8bit
Subject: Password reset on 127.0.0.1:8000
From: webmaster@localhost
To: emsleyd@gmail.com
Date: Thu, 06 Oct 2022 22:45:51 -0000
Message-ID: 
 <166509635179.30901.5854528355427573474@1.0.0.0.0.0.0.0.0.0.0.0.0.0.0.0.0.0.0.0.0.0.0.0.0.0.0.0.0.0.0.0.ip6.arpa>


You're receiving this email because you requested a password reset for your user account at 127.0.0.1:8000.

Please go to the following page and choose a new password:

http://127.0.0.1:8000/reset/Nw/bcw9wf-68d278e79625b34141e25ac1381356c8/

Your username, in case you’ve forgotten: Dan5

Thanks for using our site!

The 127.0.0.1:8000 team



-------------------------------------------------------------------------------
Content-Type: text/plain; charset="utf-8"
MIME-Version: 1.0
Content-Transfer-Encoding: 8bit
Subject: Password reset on 127.0.0.1:8000
From: webmaster@localhost
To: emsleyd@gmail.com
Date: Thu, 06 Oct 2022 22:45:51 -0000
Message-ID: 
 <166509635179.30901.15001745942859320651@1.0.0.0.0.0.0.0.0.0.0.0.0.0.0.0.0.0.0.0.0.0.0.0.0.0.0.0.0.0.0.0.ip6.arpa>


You're receiving this email because you requested a password reset for your user account at 127.0.0.1:8000.

Please go to the following page and choose a new password:

http://127.0.0.1:8000/reset/OA/bcw9wf-f4bcf6799debc1691cefa4833bda072c/

Your username, in case you’ve forgotten: Dan

Thanks for using our site!

The 127.0.0.1:8000 team



-------------------------------------------------------------------------------
